$ react-router dev
  ➜  Local:   http://localhost:5173/
  ➜  Network: use --host to expose
TypeError: projects.filter is not a function
    at FeaturedProject (/home/katsura/workspace/brad/friendly-dev/friendly-dev-frontend/app/components/FeaturedProject.tsx:10:29)
    at Object.react_stack_bottom_frame (/home/katsura/workspace/brad/friendly-dev/friendly-dev-frontend/node_modules/react-dom/cjs/react-dom-server.node.development.js:10288:18)
    at renderWithHooks (/home/katsura/workspace/brad/friendly-dev/friendly-dev-frontend/node_modules/react-dom/cjs/react-dom-server.node.development.js:5298:19)
    at renderElement (/home/katsura/workspace/brad/friendly-dev/friendly-dev-frontend/node_modules/react-dom/cjs/react-dom-server.node.development.js:5733:23)
    at retryNode (/home/katsura/workspace/brad/friendly-dev/friendly-dev-frontend/node_modules/react-dom/cjs/react-dom-server.node.development.js:6664:31)
    at renderNodeDestructive (/home/katsura/workspace/brad/friendly-dev/friendly-dev-frontend/node_modules/react-dom/cjs/react-dom-server.node.development.js:6614:11)
    at renderNode (/home/katsura/workspace/brad/friendly-dev/friendly-dev-frontend/node_modules/react-dom/cjs/react-dom-server.node.development.js:7152:18)
    at renderChildrenArray (/home/katsura/workspace/brad/friendly-dev/friendly-dev-frontend/node_modules/react-dom/cjs/react-dom-server.node.development.js:6921:11)
    at retryNode (/home/katsura/workspace/brad/friendly-dev/friendly-dev-frontend/node_modules/react-dom/cjs/react-dom-server.node.development.js:6688:13)
    at renderNodeDestructive (/home/katsura/workspace/brad/friendly-dev/friendly-dev-frontend/node_modules/react-dom/cjs/react-dom-server.node.development.js:6614:11)
TypeError: projects.filter is not a function
    at FeaturedProject (/home/katsura/workspace/brad/friendly-dev/friendly-dev-frontend/app/components/FeaturedProject.tsx:10:29)
    at Object.react_stack_bottom_frame (/home/katsura/workspace/brad/friendly-dev/friendly-dev-frontend/node_modules/react-dom/cjs/react-dom-server.node.development.js:10288:18)
    at renderWithHooks (/home/katsura/workspace/brad/friendly-dev/friendly-dev-frontend/node_modules/react-dom/cjs/react-dom-server.node.development.js:5298:19)
    at renderElement (/home/katsura/workspace/brad/friendly-dev/friendly-dev-frontend/node_modules/react-dom/cjs/react-dom-server.node.development.js:5733:23)
    at retryNode (/home/katsura/workspace/brad/friendly-dev/friendly-dev-frontend/node_modules/react-dom/cjs/react-dom-server.node.development.js:6664:31)
    at renderNodeDestructive (/home/katsura/workspace/brad/friendly-dev/friendly-dev-frontend/node_modules/react-dom/cjs/react-dom-server.node.development.js:6614:11)
    at renderNode (/home/katsura/workspace/brad/friendly-dev/friendly-dev-frontend/node_modules/react-dom/cjs/react-dom-server.node.development.js:7152:18)
    at renderChildrenArray (/home/katsura/workspace/brad/friendly-dev/friendly-dev-frontend/node_modules/react-dom/cjs/react-dom-server.node.development.js:6921:11)
    at retryNode (/home/katsura/workspace/brad/friendly-dev/friendly-dev-frontend/node_modules/react-dom/cjs/react-dom-server.node.development.js:6688:13)
    at renderNodeDestructive (/home/katsura/workspace/brad/friendly-dev/friendly-dev-frontend/node_modules/react-dom/cjs/react-dom-server.node.development.js:6614:11)
{
  id: 1,
  documentId: 'hcneaizc1jc3bux6htrepmew',
  title: 'DevDash',
  description: 'A productivity dashboard for developers to track tasks, goals, and inspiration.',
  url: 'https://example.com',
  date: '2025-02-01',
  category: 'Fullstack',
  featured: false,
  createdAt: '2025-12-11T21:50:52.433Z',
  updatedAt: '2025-12-11T21:50:52.433Z',
  publishedAt: '2025-12-11T21:50:52.083Z',
  image: {
    id: 3,
    documentId: 'dbu6ysck7qc0eex278is7pgc',
    name: 'project-1.png',
    alternativeText: null,
    caption: null,
    width: 1080,
    height: 720,
    formats: {
      large: [Object],
      small: [Object],
      medium: [Object],
      thumbnail: [Object]
    },
    hash: 'project_1_05e047c545',
    ext: '.png',
    mime: 'image/png',
    size: 81.73,
    url: '/uploads/project_1_05e047c545.png',
    previewUrl: null,
    provider: 'local',
    provider_metadata: null,
    createdAt: '2025-12-11T21:34:01.419Z',
    updatedAt: '2025-12-11T21:48:23.522Z',
    publishedAt: '2025-12-11T21:34:01.419Z'
  }
}
6:40:53 AM [vite] (client) hmr update /app/routes/projects/index.tsx
6:40:53 AM [vite] (client) hmr update /app/routes/projects/index.tsx
6:40:53 AM [vite] (client) hmr update /app/app.css, /app/routes/projects/index.tsx
6:40:53 AM [vite] (ssr) page reload app/routes/projects/index.tsx
{
  id: 1,
  documentId: 'hcneaizc1jc3bux6htrepmew',
  title: 'DevDash',
  description: 'A productivity dashboard for developers to track tasks, goals, and inspiration.',
  url: 'https://example.com',
  date: '2025-02-01',
  category: 'Fullstack',
  featured: false,
  createdAt: '2025-12-11T21:50:52.433Z',
  updatedAt: '2025-12-11T21:50:52.433Z',
  publishedAt: '2025-12-11T21:50:52.083Z',
  image: {
    id: 3,
    documentId: 'dbu6ysck7qc0eex278is7pgc',
    name: 'project-1.png',
    alternativeText: null,
    caption: null,
    width: 1080,
    height: 720,
    formats: {
      large: [Object],
      small: [Object],
      medium: [Object],
      thumbnail: [Object]
    },
    hash: 'project_1_05e047c545',
    ext: '.png',
    mime: 'image/png',
    size: 81.73,
    url: '/uploads/project_1_05e047c545.png',
    previewUrl: null,
    provider: 'local',
    provider_metadata: null,
    createdAt: '2025-12-11T21:34:01.419Z',
    updatedAt: '2025-12-11T21:48:23.522Z',
    publishedAt: '2025-12-11T21:34:01.419Z'
  }
}
6:43:05 AM [vite] (client) hmr update /app/routes/projects/index.tsx
6:43:05 AM [vite] (client) hmr update /app/routes/projects/index.tsx
6:43:05 AM [vite] (client) hmr update /app/app.css, /app/routes/projects/index.tsx
6:43:05 AM [vite] (ssr) page reload app/routes/projects/index.tsx
{
  id: 1,
  documentId: 'hcneaizc1jc3bux6htrepmew',
  title: 'DevDash',
  description: 'A productivity dashboard for developers to track tasks, goals, and inspiration.',
  url: 'https://example.com',
  date: '2025-02-01',
  category: 'Fullstack',
  featured: false,
  createdAt: '2025-12-11T21:50:52.433Z',
  updatedAt: '2025-12-11T21:50:52.433Z',
  publishedAt: '2025-12-11T21:50:52.083Z',
  image: {
    id: 3,
    documentId: 'dbu6ysck7qc0eex278is7pgc',
    name: 'project-1.png',
    alternativeText: null,
    caption: null,
    width: 1080,
    height: 720,
    formats: {
      large: [Object],
      small: [Object],
      medium: [Object],
      thumbnail: [Object]
    },
    hash: 'project_1_05e047c545',
    ext: '.png',
    mime: 'image/png',
    size: 81.73,
    url: '/uploads/project_1_05e047c545.png',
    previewUrl: null,
    provider: 'local',
    provider_metadata: null,
    createdAt: '2025-12-11T21:34:01.419Z',
    updatedAt: '2025-12-11T21:48:23.522Z',
    publishedAt: '2025-12-11T21:34:01.419Z'
  }
}
